<?xml version="1.0" encoding="UTF-8"?>
<!-- Generated by org.testng.reporters.JUnitReportReporter -->
<testsuite hostname="DESKTOP-SD4VUIF" failures="0" tests="1" name="practice.AddTocart" time="0.024" errors="0" timestamp="2023-07-29T09:29:44 IST" skipped="0">
  <testcase classname="practice.AddTocart" name="adsdtocart" time="0.024"/>
</testsuite> <!-- practice.AddTocart -->
