<?xml version="1.0" encoding="UTF-8"?>
<!-- Generated by org.testng.reporters.JUnitReportReporter -->
<testsuite hostname="DESKTOP-SD4VUIF" failures="0" tests="2" name="practice.AddTocart" time="0.025" errors="0" timestamp="2023-07-29T09:44:14 IST" skipped="0">
  <testcase classname="practice.AddTocart" name="adsdtocart" time="0.022"/>
  <testcase classname="practice.AddTocart" name="removeFromcart" time="0.003"/>
</testsuite> <!-- practice.AddTocart -->
