<?xml version="1.0" encoding="UTF-8"?>
<!-- Generated by org.testng.reporters.JUnitReportReporter -->
<<<<<<< HEAD
<testsuite hostname="DESKTOP-SD4VUIF" failures="0" tests="2" name="practice.AddTocart" time="0.027" errors="0" timestamp="2023-07-29T10:24:52 IST" skipped="0">
  <testcase classname="practice.AddTocart" name="adsdtocart" time="0.023"/>
=======
<testsuite hostname="DESKTOP-SD4VUIF" failures="0" tests="2" name="practice.AddTocart" time="0.019" errors="0" timestamp="2023-07-29T09:54:02 IST" skipped="0">
  <testcase classname="practice.AddTocart" name="adsdtocart" time="0.015"/>
>>>>>>> branch 'master' of https://github.com/ChanduNex/QspCart.git
  <testcase classname="practice.AddTocart" name="removeFromcart" time="0.004"/>
</testsuite> <!-- practice.AddTocart -->
